Using pre-set license
Built from '2022.3/release' branch; Version is '2022.3.20f1 (61c2feb0970d) revision 6406910'; Using compiler version '192829333'; Build Type 'Release'
OS: 'Windows 11  (10.0.22631) 64bit CoreSingleLanguage' Language: 'tr' Physical Memory: 16075 MB
BatchMode: 1, IsHumanControllingUs: 0, StartBugReporterOnCrash: 0, Is64bit: 1, IsPro: 1

COMMAND LINE ARGUMENTS:
C:\Program Files\Unity\Hub\Editor\2022.3.20f1\Editor\Unity.exe
-adb2
-batchMode
-noUpm
-name
AssetImportWorker2
-projectPath
C:/Users/Asus/OneDrive - Yalova Üniversitesi/3.sınıf/Bahar/Sanal Gerçeklik/My project (1)
-logFile
Logs/AssetImportWorker2.log
-srvPort
65228
Successfully changed project path to: C:/Users/Asus/OneDrive - Yalova Üniversitesi/3.sınıf/Bahar/Sanal Gerçeklik/My project (1)
C:/Users/Asus/OneDrive - Yalova Üniversitesi/3.sınıf/Bahar/Sanal Gerçeklik/My project (1)
[UnityMemory] Configuration Parameters - Can be set up in boot.config
    "memorysetup-bucket-allocator-granularity=16"
    "memorysetup-bucket-allocator-bucket-count=8"
    "memorysetup-bucket-allocator-block-size=33554432"
    "memorysetup-bucket-allocator-block-count=8"
    "memorysetup-main-allocator-block-size=16777216"
    "memorysetup-thread-allocator-block-size=16777216"
    "memorysetup-gfx-main-allocator-block-size=16777216"
    "memorysetup-gfx-thread-allocator-block-size=16777216"
    "memorysetup-cache-allocator-block-size=4194304"
    "memorysetup-typetree-allocator-block-size=2097152"
    "memorysetup-profiler-bucket-allocator-granularity=16"
    "memorysetup-profiler-bucket-allocator-bucket-count=8"
    "memorysetup-profiler-bucket-allocator-block-size=33554432"
    "memorysetup-profiler-bucket-allocator-block-count=8"
    "memorysetup-profiler-allocator-block-size=16777216"
    "memorysetup-profiler-editor-allocator-block-size=1048576"
    "memorysetup-temp-allocator-size-main=16777216"
    "memorysetup-job-temp-allocator-block-size=2097152"
    "memorysetup-job-temp-allocator-block-size-background=1048576"
    "memorysetup-job-temp-allocator-reduction-small-platforms=262144"
    "memorysetup-allocator-temp-initial-block-size-main=262144"
    "memorysetup-allocator-temp-initial-block-size-worker=262144"
    "memorysetup-temp-allocator-size-background-worker=32768"
    "memorysetup-temp-allocator-size-job-worker=262144"
    "memorysetup-temp-allocator-size-preload-manager=33554432"
    "memorysetup-temp-allocator-size-nav-mesh-worker=65536"
    "memorysetup-temp-allocator-size-audio-worker=65536"
    "memorysetup-temp-allocator-size-cloud-worker=32768"
    "memorysetup-temp-allocator-size-gi-baking-worker=262144"
    "memorysetup-temp-allocator-size-gfx=262144"
Player connection [5936] Host "[IP] 192.168.56.1 [Port] 0 [Flags] 2 [Guid] 1234008500 [EditorId] 1234008500 [Version] 1048832 [Id] WindowsEditor(7,ZLM) [Debug] 1 [PackageName] WindowsEditor [ProjectName] Editor" joined multi-casting on [225.0.0.222:54997]...

Player connection [5936] Host "[IP] 192.168.56.1 [Port] 0 [Flags] 2 [Guid] 1234008500 [EditorId] 1234008500 [Version] 1048832 [Id] WindowsEditor(7,ZLM) [Debug] 1 [PackageName] WindowsEditor [ProjectName] Editor" joined alternative multi-casting on [225.0.0.222:34997]...

[Physics::Module] Initialized MultithreadedJobDispatcher with 15 workers.
Refreshing native plugins compatible for Editor in 59.96 ms, found 4 plugins.
Preloading 0 native plugins for Editor in 0.00 ms.
Initialize engine version: 2022.3.20f1 (61c2feb0970d)
[Subsystems] Discovering subsystems at path C:/Program Files/Unity/Hub/Editor/2022.3.20f1/Editor/Data/Resources/UnitySubsystems
[Subsystems] Discovering subsystems at path C:/Users/Asus/OneDrive - Yalova Üniversitesi/3.sınıf/Bahar/Sanal Gerçeklik/My project (1)/Assets
GfxDevice: creating device client; threaded=0; jobified=0
Direct3D:
    Version:  Direct3D 11.0 [level 11.1]
    Renderer: NVIDIA GeForce GTX 1650 (ID=0x1f9d)
    Vendor:   NVIDIA
    VRAM:     3937 MB
    Driver:   31.0.15.5222
Initialize mono
Mono path[0] = 'C:/Program Files/Unity/Hub/Editor/2022.3.20f1/Editor/Data/Managed'
Mono path[1] = 'C:/Program Files/Unity/Hub/Editor/2022.3.20f1/Editor/Data/MonoBleedingEdge/lib/mono/unityjit-win32'
Mono config path = 'C:/Program Files/Unity/Hub/Editor/2022.3.20f1/Editor/Data/MonoBleedingEdge/etc'
Using monoOptions --debugger-agent=transport=dt_socket,embedding=1,server=y,suspend=n,address=127.0.0.1:56756
Begin MonoManager ReloadAssembly
Registering precompiled unity dll's ...
Register platform support module: C:/Program Files/Unity/Hub/Editor/2022.3.20f1/Editor/Data/PlaybackEngines/AndroidPlayer/UnityEditor.Android.Extensions.dll
Register platform support module: C:/Program Files/Unity/Hub/Editor/2022.3.20f1/Editor/Data/PlaybackEngines/iOSSupport/UnityEditor.iOS.Extensions.dll
Register platform support module: C:/Program Files/Unity/Hub/Editor/2022.3.20f1/Editor/Data/PlaybackEngines/WindowsStandaloneSupport/UnityEditor.WindowsStandalone.Extensions.dll
Registered in 0.017740 seconds.
- Loaded All Assemblies, in  0.908 seconds
Native extension for WindowsStandalone target not found
[usbmuxd] Start listen thread
[usbmuxd] Listen thread started
Native extension for iOS target not found
Native extension for Android target not found
Android Extension - Scanning For ADB Devices 655 ms
Mono: successfully reloaded assembly
- Finished resetting the current domain, in  1.573 seconds
Domain Reload Profiling: 2480ms
	BeginReloadAssembly (331ms)
		ExecutionOrderSort (0ms)
		DisableScriptedObjects (0ms)
		BackupInstance (0ms)
		ReleaseScriptingObjects (0ms)
		CreateAndSetChildDomain (2ms)
	RebuildCommonClasses (77ms)
	RebuildNativeTypeToScriptingClass (28ms)
	initialDomainReloadingComplete (130ms)
	LoadAllAssembliesAndSetupDomain (339ms)
		LoadAssemblies (329ms)
		RebuildTransferFunctionScriptingTraits (0ms)
		AnalyzeDomain (336ms)
			TypeCache.Refresh (332ms)
				TypeCache.ScanAssembly (304ms)
			ScanForSourceGeneratedMonoScriptInfo (1ms)
			ResolveRequiredComponents (1ms)
	FinalizeReload (1574ms)
		ReleaseScriptCaches (0ms)
		RebuildScriptCaches (0ms)
		SetupLoadedEditorAssemblies (1451ms)
			LogAssemblyErrors (0ms)
			InitializePlatformSupportModulesInManaged (966ms)
			SetLoadedEditorAssemblies (11ms)
			RefreshPlugins (0ms)
			BeforeProcessingInitializeOnLoad (7ms)
			ProcessInitializeOnLoadAttributes (364ms)
			ProcessInitializeOnLoadMethodAttributes (103ms)
			AfterProcessingInitializeOnLoad (0ms)
			EditorAssembliesLoaded (0ms)
		ExecutionOrderSort2 (0ms)
		AwakeInstancesAfterBackupRestoration (0ms)
========================================================================
Worker process is ready to serve import requests
Begin MonoManager ReloadAssembly
Assembly 'Library/ScriptAssemblies/Assembly-CSharp-Editor.dll' will not be loaded due to errors:
Unable to resolve reference 'Assembly-CSharp'. Is the assembly missing or incompatible with the current platform?
Reference validation can be disabled in the Plugin Inspector.
Symbol file LoadedFromMemory is not a mono symbol file
- Loaded All Assemblies, in  2.267 seconds
Refreshing native plugins compatible for Editor in 25.38 ms, found 4 plugins.
Native extension for WindowsStandalone target not found
Native extension for iOS target not found
Native extension for Android target not found
Package Manager log level set to [2]
[Package Manager] Server::EnsureServerProcessIsRunning -- launch failed, reason: Unity was launched with the -noUpm command-line argument
[Package Manager] UpmClient::Send -- Unable to send message (not connected to UPM process).
[Package Manager] Cannot connect to Unity Package Manager local server
Mirror | mirror-networking.com | discord.gg/N9QVxbM
0x00007ff73c695cfd (Unity) StackWalker::GetCurrentCallstack
0x00007ff73c69adc9 (Unity) StackWalker::ShowCallstack
0x00007ff73d673ad1 (Unity) GetStacktrace
0x00007ff73dd2bc4e (Unity) DebugStringToFile
0x00007ff73b624e98 (Unity) DebugLogHandler_CUSTOM_Internal_Log
0x000001c87f2ac883 (Mono JIT Code) (wrapper managed-to-native) UnityEngine.DebugLogHandler:Internal_Log (UnityEngine.LogType,UnityEngine.LogOption,string,UnityEngine.Object)
0x000001c87f2ac69b (Mono JIT Code) UnityEngine.DebugLogHandler:LogFormat (UnityEngine.LogType,UnityEngine.Object,string,object[])
0x000001c87f2ac420 (Mono JIT Code) UnityEngine.Logger:Log (UnityEngine.LogType,object)
0x000001c87f2ac2e8 (Mono JIT Code) UnityEngine.Debug:Log (object)
0x000001c87f2ac15b (Mono JIT Code) Mirror.Welcome:OnInitializeOnLoad () (at C:/Users/Asus/OneDrive - Yalova Üniversitesi/3.sınıf/Bahar/Sanal Gerçeklik/My project (1)/Assets/Mirror/Editor/Welcome.cs:20)
0x000001c87f2ac253 (Mono JIT Code) (wrapper runtime-invoke) object:runtime_invoke_void (object,intptr,intptr,intptr)
0x00007ff88b4e4bfe (mono-2.0-bdwgc) mono_jit_runtime_invoke (at C:/build/output/Unity-Technologies/mono/mono/mini/mini-runtime.c:3445)
0x00007ff88b41d254 (mono-2.0-bdwgc) do_runtime_invoke (at C:/build/output/Unity-Technologies/mono/mono/metadata/object.c:3068)
0x00007ff88b424b5f (mono-2.0-bdwgc) mono_runtime_try_invoke_array (at C:/build/output/Unity-Technologies/mono/mono/metadata/object.c:5770)
0x00007ff88b354ee2 (mono-2.0-bdwgc) ves_icall_InternalInvoke (at C:/build/output/Unity-Technologies/mono/mono/metadata/icall.c:4041)
0x00007ff88b37b0c1 (mono-2.0-bdwgc) ves_icall_InternalInvoke_raw (at C:/build/output/Unity-Technologies/mono/mono/metadata/icall-def.h:692)
0x000001c87f27c220 (Mono JIT Code) (wrapper managed-to-native) System.Reflection.RuntimeMethodInfo:InternalInvoke (System.Reflection.RuntimeMethodInfo,object,object[],System.Exception&)
0x000001c87f27bceb (Mono JIT Code) System.Reflection.RuntimeMethodInfo:Invoke (object,System.Reflection.BindingFlags,System.Reflection.Binder,object[],System.Globalization.CultureInfo)
0x000001c87f27bbae (Mono JIT Code) System.Reflection.MethodBase:Invoke (object,object[])
0x000001c87f28ce5b (Mono JIT Code) UnityEditor.EditorAssemblies:ProcessInitializeOnLoadMethodAttributes ()
0x000001c6e239b105 (Mono JIT Code) (wrapper runtime-invoke) object:runtime_invoke_void (object,intptr,intptr,intptr)
0x00007ff88b4e4bfe (mono-2.0-bdwgc) mono_jit_runtime_invoke (at C:/build/output/Unity-Technologies/mono/mono/mini/mini-runtime.c:3445)
0x00007ff88b41d254 (mono-2.0-bdwgc) do_runtime_invoke (at C:/build/output/Unity-Technologies/mono/mono/metadata/object.c:3068)
0x00007ff88b41d3cc (mono-2.0-bdwgc) mono_runtime_invoke (at C:/build/output/Unity-Technologies/mono/mono/metadata/object.c:3115)
0x00007ff73c5af514 (Unity) scripting_method_invoke
0x00007ff73c58d274 (Unity) ScriptingInvocation::Invoke
0x00007ff73c587e85 (Unity) ScriptingInvocation::Invoke<void>
0x00007ff73c6d805b (Unity) Scripting::UnityEditor::EditorAssembliesProxy::ProcessInitializeOnLoadMethodAttributes
0x00007ff73c581dab (Unity) MonoManager::SetupLoadedEditorAssemblies
0x00007ff73c577af9 (Unity) MonoManager::FinalizeReload
0x00007ff73d96cdaa (Unity) ScriptingInitializer::FinalizeReload
0x00007ff73d5194cb (Unity) LoadUserAssemblies
0x00007ff73da1a2ef (Unity) <lambda_e4c09a862f47a773e31babb76239f51f>::operator()
0x00007ff73da543d2 (Unity) asio::detail::completion_handler<core::mutable_function<void __cdecl(void)>,asio::io_context::basic_executor_type<std::allocator<void>,0> >::do_complete
0x00007ff73da4037e (Unity) asio::detail::win_iocp_io_context::do_one
0x00007ff73da41fae (Unity) asio::detail::win_iocp_io_context::run
0x00007ff73da5277c (Unity) IOService::Run
0x00007ff73da262df (Unity) AssetImportWorkerClient::Run
0x00007ff73d9f1217 (Unity) RunAssetImportWorkerClientV2
0x00007ff73d9f129b (Unity) RunAssetImporterV2
0x00007ff73d1f2591 (Unity) Application::InitializeProject
0x00007ff73d67e2b5 (Unity) WinMain
0x00007ff73ea5e0ae (Unity) __scrt_common_main_seh
0x00007ff9221b257d (KERNEL32) BaseThreadInitThunk
0x00007ff92434af28 (ntdll) RtlUserThreadStart

Mono: successfully reloaded assembly
[Package Manager] Server::EnsureServerProcessIsRunning -- launch failed, reason: Unity was launched with the -noUpm command-line argument
[Package Manager] UpmClient::Send -- Unable to send message (not connected to UPM process).
[Package Manager] Cannot connect to Unity Package Manager local server
[Package Manager] Server::EnsureServerProcessIsRunning -- launch failed, reason: Unity was launched with the -noUpm command-line argument
[Package Manager] UpmClient::Send -- Unable to send message (not connected to UPM process).
[Package Manager] Cannot connect to Unity Package Manager local server
- Finished resetting the current domain, in  3.127 seconds
Domain Reload Profiling: 5378ms
	BeginReloadAssembly (364ms)
		ExecutionOrderSort (0ms)
		DisableScriptedObjects (17ms)
		BackupInstance (0ms)
		ReleaseScriptingObjects (0ms)
		CreateAndSetChildDomain (51ms)
	RebuildCommonClasses (99ms)
	RebuildNativeTypeToScriptingClass (29ms)
	initialDomainReloadingComplete (137ms)
	LoadAllAssembliesAndSetupDomain (1623ms)
		LoadAssemblies (1266ms)
		RebuildTransferFunctionScriptingTraits (0ms)
		AnalyzeDomain (566ms)
			TypeCache.Refresh (451ms)
				TypeCache.ScanAssembly (393ms)
			ScanForSourceGeneratedMonoScriptInfo (94ms)
			ResolveRequiredComponents (17ms)
	FinalizeReload (3128ms)
		ReleaseScriptCaches (0ms)
		RebuildScriptCaches (0ms)
		SetupLoadedEditorAssemblies (2681ms)
			LogAssemblyErrors (0ms)
			InitializePlatformSupportModulesInManaged (80ms)
			SetLoadedEditorAssemblies (15ms)
			RefreshPlugins (0ms)
			BeforeProcessingInitializeOnLoad (237ms)
			ProcessInitializeOnLoadAttributes (833ms)
			ProcessInitializeOnLoadMethodAttributes (1500ms)
			AfterProcessingInitializeOnLoad (15ms)
			EditorAssembliesLoaded (1ms)
		ExecutionOrderSort2 (0ms)
		AwakeInstancesAfterBackupRestoration (20ms)
Launched and connected shader compiler UnityShaderCompiler.exe after 0.10 seconds
Refreshing native plugins compatible for Editor in 24.01 ms, found 4 plugins.
Preloading 0 native plugins for Editor in 0.00 ms.
Unloading 4801 Unused Serialized files (Serialized files now loaded: 0)
Unloading 98 unused Assets / (52.5 KB). Loaded Objects now: 5258.
Memory consumption went from 188.3 MB to 188.2 MB.
Total: 7.619500 ms (FindLiveObjects: 0.520500 ms CreateObjectMapping: 0.266000 ms MarkObjects: 6.634000 ms  DeleteObjects: 0.196600 ms)

AssetImportParameters requested are different than current active one (requested -> active):
  custom:container-demuxer-ogg: 62fdf1f143b41e24485cea50d1cbac27 -> 
  custom:video-decoder-ogg-theora: a1e56fd34408186e4bbccfd4996cb3dc -> 
  custom:framework-win-MediaFoundation: 216162199b28c13a410421893ffa2e32 -> 
  custom:CustomObjectIndexerAttribute: 6d391050e5a25f67b0a2c618074f2cd9 -> 
  custom:container-demuxer-webm: 4f35f7cbe854078d1ac9338744f61a02 -> 
  custom:container-muxer-webm: aa71ff27fc2769a1b78a27578f13a17b -> 
  custom:video-decoder-webm-vp8: 9c59270c3fd7afecdb556c50c9e8de78 -> 
  custom:SearchIndexIgnoredProperties: e643bd26f0fe6173181afceb89e7c659 -> 
  custom:AudioImporter_EditorPlatform: d09bf68614088b80899f8185d706f6e7 -> 
  custom:video-encoder-webm-vp8: eb34c28f22e8b96e1ab97ce403110664 -> 
  custom:audio-decoder-ogg-vorbis: bf7c407c2cedff20999df2af8eb42d56 -> 
  custom:audio-encoder-webm-vorbis: bf7c407c2cedff20999df2af8eb42d56 -> 
========================================================================
Received Import Request.
  Time since last request: 1719765.551579 seconds.
  path: Assets/UIManager.cs
  artifactKey: Guid(1f99753b4d5d4f44cbc15d5dfc2beb61) Importer(815301076,1909f56bfc062723c751e8b465ee728b)
Start importing Assets/UIManager.cs using Guid(1f99753b4d5d4f44cbc15d5dfc2beb61) Importer(815301076,1909f56bfc062723c751e8b465ee728b)  -> (artifact id: '943ca10046a4b42f11d2474bbe85478a') in 0.007128 seconds
Number of updated asset objects reloaded before import = 0
Number of asset objects unloaded after import = 0
========================================================================
Received Import Request.
  Time since last request: 7.177158 seconds.
  path: Assets/mang.cs
  artifactKey: Guid(a3932dd1e78c30f44a19a48e425bb534) Importer(815301076,1909f56bfc062723c751e8b465ee728b)
Start importing Assets/mang.cs using Guid(a3932dd1e78c30f44a19a48e425bb534) Importer(815301076,1909f56bfc062723c751e8b465ee728b)  -> (artifact id: '6f506421a8b2a2be82b226bc56b2fc30') in 0.002083 seconds
Number of updated asset objects reloaded before import = 0
Number of asset objects unloaded after import = 0
========================================================================
Received Import Request.
  Time since last request: 0.687847 seconds.
  path: Assets/bgMusic.cs
  artifactKey: Guid(e531dcab9f7969041a95f6624b57107c) Importer(815301076,1909f56bfc062723c751e8b465ee728b)
Start importing Assets/bgMusic.cs using Guid(e531dcab9f7969041a95f6624b57107c) Importer(815301076,1909f56bfc062723c751e8b465ee728b)  -> (artifact id: '4639ef2c70e43fdeb84e084267e96702') in 0.002304 seconds
Number of updated asset objects reloaded before import = 0
Number of asset objects unloaded after import = 0
